{"F:\\otivo\\cloudcase\\src\\App.vue": {"path":"F:\\otivo\\cloudcase\\src\\App.vue","statementMap":{"0":{"start":{"line":1,"column":0},"end":{"line":1,"column":null}}},"fnMap":{"0":{"name":"(anonymous_0)","decl":{"start":{"line":1,"column":0},"end":{"line":1,"column":null}},"loc":{"start":{"line":1,"column":0},"end":{"line":1,"column":null}}}},"branchMap":{},"s":{"0":0},"f":{"0":0},"b":{}}
,"F:\\otivo\\cloudcase\\src\\components\\CloudFooter.vue": {"path":"F:\\otivo\\cloudcase\\src\\components\\CloudFooter.vue","statementMap":{"0":{"start":{"line":16,"column":0},"end":{"line":20,"column":null}},"1":{"start":{"line":1,"column":0},"end":{"line":1,"column":null}}},"fnMap":{"0":{"name":"(anonymous_0)","decl":{"start":{"line":1,"column":0},"end":{"line":1,"column":null}},"loc":{"start":{"line":1,"column":0},"end":{"line":1,"column":null}}}},"branchMap":{},"s":{"0":0,"1":0},"f":{"0":0},"b":{}}
,"F:\\otivo\\cloudcase\\src\\components\\CloudHeader.vue": {"path":"F:\\otivo\\cloudcase\\src\\components\\CloudHeader.vue","statementMap":{"0":{"start":{"line":11,"column":0},"end":{"line":15,"column":null}},"1":{"start":{"line":1,"column":0},"end":{"line":1,"column":null}}},"fnMap":{"0":{"name":"(anonymous_0)","decl":{"start":{"line":1,"column":0},"end":{"line":1,"column":null}},"loc":{"start":{"line":1,"column":0},"end":{"line":1,"column":null}}}},"branchMap":{},"s":{"0":0,"1":0},"f":{"0":0},"b":{}}
,"F:\\otivo\\cloudcase\\src\\components\\SimpleCalculator.vue": {"path":"F:\\otivo\\cloudcase\\src\\components\\SimpleCalculator.vue","statementMap":{"0":{"start":{"line":1,"column":0},"end":{"line":1,"column":null}}},"fnMap":{"0":{"name":"(anonymous_0)","decl":{"start":{"line":1,"column":0},"end":{"line":1,"column":null}},"loc":{"start":{"line":1,"column":0},"end":{"line":1,"column":null}}}},"branchMap":{"0":{"loc":{"start":{"line":1,"column":0},"end":{"line":1,"column":null}},"type":"if","locations":[{"start":{"line":1,"column":0},"end":{"line":1,"column":null}}]}},"s":{"0":79},"f":{"0":56},"b":{"0":[0]}}
,"F:\\otivo\\cloudcase\\src\\utils\\calc.js": {"path":"F:\\otivo\\cloudcase\\src\\utils\\calc.js","statementMap":{"0":{"start":{"line":1,"column":23},"end":{"line":6,"column":1}},"1":{"start":{"line":2,"column":22},"end":{"line":2,"column":93}},"2":{"start":{"line":2,"column":46},"end":{"line":2,"column":89}},"3":{"start":{"line":3,"column":13},"end":{"line":3,"column":78}},"4":{"start":{"line":4,"column":4},"end":{"line":4,"column":55}},"5":{"start":{"line":4,"column":23},"end":{"line":4,"column":55}},"6":{"start":{"line":5,"column":4},"end":{"line":5,"column":15}},"7":{"start":{"line":8,"column":25},"end":{"line":10,"column":1}},"8":{"start":{"line":9,"column":4},"end":{"line":9,"column":38}}},"fnMap":{"0":{"name":"(anonymous_0)","decl":{"start":{"line":1,"column":23},"end":{"line":1,"column":24}},"loc":{"start":{"line":1,"column":58},"end":{"line":6,"column":1}},"line":1},"1":{"name":"(anonymous_1)","decl":{"start":{"line":2,"column":37},"end":{"line":2,"column":38}},"loc":{"start":{"line":2,"column":46},"end":{"line":2,"column":89}},"line":2},"2":{"name":"(anonymous_2)","decl":{"start":{"line":8,"column":25},"end":{"line":8,"column":26}},"loc":{"start":{"line":8,"column":56},"end":{"line":10,"column":1}},"line":8}},"branchMap":{"0":{"loc":{"start":{"line":2,"column":46},"end":{"line":2,"column":89}},"type":"binary-expr","locations":[{"start":{"line":2,"column":46},"end":{"line":2,"column":64}},{"start":{"line":2,"column":68},"end":{"line":2,"column":89}}],"line":2},"1":{"loc":{"start":{"line":4,"column":4},"end":{"line":4,"column":55}},"type":"if","locations":[{"start":{"line":4,"column":4},"end":{"line":4,"column":55}},{"start":{},"end":{}}],"line":4}},"s":{"0":1,"1":4,"2":20,"3":4,"4":4,"5":2,"6":4,"7":1,"8":4},"f":{"0":4,"1":20,"2":4},"b":{"0":[20,10],"1":[2,2]},"_coverageSchema":"1a1c01bbd47fc00a2c39e90264f33305004495a9","hash":"9db07974c308f8cc256081cde66c5ffe62d167ac"}
}
